03/08/2022 10:17:28 AM: INFO: ***************** DEBUT - Test_001_Login ****************
03/08/2022 10:17:28 AM: INFO: ***************** vérification du titre de la page d'accueil ****************
03/08/2022 10:17:30 AM: INFO: ***************** Test titre de la page OK ****************
03/08/2022 10:17:45 AM: INFO: ***************** FIN - Test_001_Login ****************
03/08/2022 10:22:01 AM: INFO: ***************** DEBUT - Test_001_Login ****************
03/08/2022 10:22:01 AM: INFO: ***************** vérification du titre de la page d'accueil ****************
03/08/2022 10:22:19 AM: INFO: ***************** Pass OK ****************
03/08/2022 10:22:32 AM: INFO: ***************** Pass OK - FAUX COMPTE ****************
03/08/2022 10:22:45 AM: INFO: ***************** Pass OK ****************
03/08/2022 10:22:58 AM: INFO: ***************** Pass OK ****************
03/08/2022 10:23:00 AM: INFO: ***************** TOUT BA BENNE ****************
03/08/2022 10:23:02 AM: INFO: ***************** FIN - Test_001_Login ****************
03/08/2022 10:24:44 AM: INFO: ***************** DEBUT - Test_001_Login ****************
03/08/2022 10:24:44 AM: INFO: ***************** vérification du titre de la page d'accueil ****************
03/08/2022 10:24:44 AM: INFO: ***************** DEBUT - Test_001_Login ****************
03/08/2022 10:24:44 AM: INFO: ***************** vérification du titre de la page d'accueil ****************
03/08/2022 10:25:04 AM: INFO: ***************** Pass OK ****************
03/08/2022 10:25:17 AM: INFO: ***************** Pass OK - FAUX COMPTE ****************
03/08/2022 10:25:30 AM: INFO: ***************** Pass OK ****************
03/08/2022 10:25:43 AM: INFO: ***************** Pass OK ****************
03/08/2022 10:25:57 AM: INFO: ***************** Pass OK ****************
03/08/2022 10:25:59 AM: INFO: ***************** TOUT BA BENNE ****************
03/08/2022 10:26:01 AM: INFO: ***************** FIN - Test_001_Login ****************
03/08/2022 10:30:16 AM: INFO: ***************** DEBUT - Test_001_Login ****************
03/08/2022 10:30:16 AM: INFO: ***************** vérification du titre de la page d'accueil ****************
03/08/2022 10:30:19 AM: INFO: ***************** Test titre de la page OK ****************
03/08/2022 10:30:33 AM: INFO: ***************** FIN - Test_001_Login ****************
03/08/2022 10:31:31 AM: INFO: ***************** DEBUT - Test_001_Login ****************
03/08/2022 10:31:31 AM: INFO: ***************** vérification du titre de la page d'accueil ****************
03/08/2022 10:31:34 AM: INFO: ***************** Test titre de la page OK ****************
03/08/2022 10:31:49 AM: INFO: ***************** FIN - Test_001_Login ****************
03/08/2022 11:50:37 AM: INFO: ***************** DEBUT - Test_001_Login ****************
03/08/2022 11:50:37 AM: INFO: ***************** vérification du titre de la page d'accueil ****************
03/08/2022 11:50:40 AM: INFO: ***************** Test titre de la page OK ****************
03/08/2022 11:54:38 AM: INFO: ***************** DEBUT - Test_001_Login ****************
03/08/2022 11:54:38 AM: INFO: ***************** vérification du titre de la page d'accueil ****************
03/08/2022 11:54:59 AM: INFO: ***************** Fail KO ****************
03/08/2022 11:55:12 AM: INFO: ***************** Pass OK - FAUX COMPTE ****************
03/08/2022 11:55:24 AM: INFO: ***************** Fail KO ****************
03/08/2022 11:55:37 AM: INFO: ***************** Fail KO ****************
03/08/2022 11:55:50 AM: INFO: ***************** Fail KO ****************
03/08/2022 11:56:03 AM: INFO: ***************** Fail KO ****************
03/08/2022 11:56:05 AM: ERROR: ***************** ko total ****************
03/08/2022 12:05:17 PM: INFO: ***************** DEBUT - Test_001_Login ****************
03/08/2022 12:05:17 PM: INFO: ***************** vérification du titre de la page d'accueil ****************
03/08/2022 12:05:37 PM: INFO: ***************** Pass OK ****************
03/08/2022 12:05:50 PM: INFO: ***************** Pass OK - FAUX COMPTE ****************
03/08/2022 12:06:03 PM: INFO: ***************** Pass OK ****************
03/08/2022 12:06:16 PM: INFO: ***************** Pass OK ****************
03/08/2022 12:06:30 PM: INFO: ***************** Pass OK ****************
03/08/2022 12:06:43 PM: INFO: ***************** Pass OK ****************
03/08/2022 12:06:45 PM: INFO: ***************** TOUT BA BENNE ****************
03/08/2022 12:06:47 PM: INFO: ***************** FIN - Test_001_Login ****************
03/09/2022 10:33:12 AM: INFO: ***************** DEBUT - Test_001_Login ****************
03/09/2022 10:33:12 AM: INFO: ***************** vérification du titre de la page d'accueil ****************
03/09/2022 10:33:12 AM: INFO: ***************** DEBUT - Test_001_Login ****************
03/09/2022 10:33:12 AM: INFO: ***************** vérification du titre de la page d'accueil ****************
03/09/2022 10:33:12 AM: INFO: ***************** DEBUT - Test_002_Login ****************
03/09/2022 10:33:12 AM: INFO: ***************** vérification du titre de la page d'accueil ****************
